Assembler report for MuxWithVector
Tue Apr 09 18:39:12 2019
Version 4.2 Build 157 12/07/2004 SJ Full Version


---------------------
; Table of Contents ;
---------------------
  1. Legal Notice
  2. Assembler Summary
  3. Assembler Settings
  4. Assembler Generated Files
  5. Assembler Device Options: C:/Users/yh080/LogicCircuitsProjects/Quartus/MuxWithVector/MuxWithVector.sof
  6. Assembler Device Options: C:/Users/yh080/LogicCircuitsProjects/Quartus/MuxWithVector/MuxWithVector.pof
  7. Assembler Messages



----------------
; Legal Notice ;
----------------
Copyright (C) 1991-2004 Altera Corporation
Any  megafunction  design,  and related netlist (encrypted  or  decrypted),
support information,  device programming or simulation file,  and any other
associated  documentation or information  provided by  Altera  or a partner
under  Altera's   Megafunction   Partnership   Program  may  be  used  only
to program  PLD  devices (but not masked  PLD  devices) from  Altera.   Any
other  use  of such  megafunction  design,  netlist,  support  information,
device programming or simulation file,  or any other  related documentation
or information  is prohibited  for  any  other purpose,  including, but not
limited to  modification,  reverse engineering,  de-compiling, or use  with
any other  silicon devices,  unless such use is  explicitly  licensed under
a separate agreement with  Altera  or a megafunction partner.  Title to the
intellectual property,  including patents,  copyrights,  trademarks,  trade
secrets,  or maskworks,  embodied in any such megafunction design, netlist,
support  information,  device programming or simulation file,  or any other
related documentation or information provided by  Altera  or a megafunction
partner, remains with Altera, the megafunction partner, or their respective
licensors. No other licenses, including any licenses needed under any third
party's intellectual property, are provided herein.



+---------------------------------------------------------------+
; Assembler Summary                                             ;
+-----------------------+---------------------------------------+
; Assembler Status      ; Successful - Tue Apr 09 18:39:12 2019 ;
; Revision Name         ; MuxWithVector                         ;
; Top-level Entity Name ; MuxWithVector                         ;
; Family                ; Stratix                               ;
; Device                ; EP1S10F484C5                          ;
+-----------------------+---------------------------------------+


+------------------------------------------------------------------------------------------------------------------+
; Assembler Settings                                                                                               ;
+---------------------------------------------------------------------------------------+----------+---------------+
; Option                                                                                ; Setting  ; Default Value ;
+---------------------------------------------------------------------------------------+----------+---------------+
; Use smart compilation                                                                 ; Normal   ; Normal        ;
; Generate Serial Vector Format File (.svf) for Target Device                           ; Off      ; Off           ;
; Generate In System Configuration File (.isc) for Target Device                        ; Off      ; Off           ;
; Generate a JEDEC STAPL Format File (.jam) for Target Device                           ; Off      ; Off           ;
; Generate an uncompressed Jam STAPL Byte Code 2.0 File (.jbc) for Target Device        ; Off      ; Off           ;
; Generate a compressed Jam STAPL Byte Code 2.0 File (.jbc) for Target Device           ; On       ; On            ;
; Generate Serial Vector Format File (.svf) For Configuration Device                    ; Off      ; Off           ;
; Generate In System Configuration File (.isc) For Configuration Device                 ; Off      ; Off           ;
; Generate a JEDEC STAPL Format File (.jam)For Configuration Device                     ; Off      ; Off           ;
; Generate an uncompressed Jam STAPL Byte Code 2.0 File (.jbc) For Configuration Device ; Off      ; Off           ;
; Generate a compressed Jam STAPL Byte Code 2.0 File (.jbc) For Configuration Device    ; On       ; On            ;
; Generate Hexadecimal (Intel-format) Output File (.hexout) For Configuration Device    ; Off      ; Off           ;
; Compression mode                                                                      ; Off      ; Off           ;
; Clock source for configuration device                                                 ; Internal ; Internal      ;
; Clock frequency of the configuration device                                           ; 10 MHz   ; 10 MHz        ;
; Divide clock frequency by                                                             ; 1        ; 1             ;
; JTAG user code for target device                                                      ; Ffffffff ; Ffffffff      ;
; Auto user code                                                                        ; off      ; off           ;
; Use configuration device                                                              ; On       ; On            ;
; Configuration device                                                                  ; Auto     ; Auto          ;
; JTAG user code for configuration device                                               ; Ffffffff ; Ffffffff      ;
; Configuration device auto user code                                                   ; off      ; off           ;
; Auto-increment JTAG user code for multiple configuration devices                      ; On       ; On            ;
; Disable CONF_DONE and nSTATUS pull-ups on configuration device                        ; Off      ; Off           ;
; Generate Tabular Text File (.ttf) For Target Device                                   ; Off      ; Off           ;
; Generate Raw Binary File (.rbf) For Target Device                                     ; Off      ; Off           ;
; Generate Hexadecimal (Intel-Format) Output File (.hexout) for Target Device           ; Off      ; Off           ;
; Hexadecimal Output File start address                                                 ; 0        ; 0             ;
; Hexadecimal Output File count direction                                               ; Up       ; Up            ;
; Release clears before tri-states                                                      ; off      ; off           ;
; Auto-restart configuration after error                                                ; On       ; On            ;
+---------------------------------------------------------------------------------------+----------+---------------+


+------------------------------------------------------------------------------+
; Assembler Generated Files                                                    ;
+------------------------------------------------------------------------------+
; File Name                                                                    ;
+------------------------------------------------------------------------------+
; C:/Users/yh080/LogicCircuitsProjects/Quartus/MuxWithVector/MuxWithVector.sof ;
; C:/Users/yh080/LogicCircuitsProjects/Quartus/MuxWithVector/MuxWithVector.pof ;
+------------------------------------------------------------------------------+


+--------------------------------------------------------------------------------------------------------+
; Assembler Device Options: C:/Users/yh080/LogicCircuitsProjects/Quartus/MuxWithVector/MuxWithVector.sof ;
+----------------+---------------------------------------------------------------------------------------+
; Option         ; Setting                                                                               ;
+----------------+---------------------------------------------------------------------------------------+
; Device         ; EP1S10F484C5                                                                          ;
; JTAG usercode  ; 0xFFFFFFFF                                                                            ;
; Checksum       ; 0x00131615                                                                            ;
+----------------+---------------------------------------------------------------------------------------+


+--------------------------------------------------------------------------------------------------------+
; Assembler Device Options: C:/Users/yh080/LogicCircuitsProjects/Quartus/MuxWithVector/MuxWithVector.pof ;
+----------------+---------------------------------------------------------------------------------------+
; Option         ; Setting                                                                               ;
+----------------+---------------------------------------------------------------------------------------+
; Device         ; EPC4                                                                                  ;
; JTAG usercode  ; 0xFFFFFFFF                                                                            ;
; Checksum       ; 0x06326774                                                                            ;
+----------------+---------------------------------------------------------------------------------------+


+--------------------+
; Assembler Messages ;
+--------------------+
Info: *******************************************************************
Info: Running Quartus II Assembler
    Info: Version 4.2 Build 157 12/07/2004 SJ Full Version
    Info: Processing started: Tue Apr 09 18:39:10 2019
Info: Command: quartus_asm --import_settings_files=off --export_settings_files=off MuxWithVector -c MuxWithVector
Info: Quartus II Assembler was successful. 0 errors, 0 warnings
    Info: Processing ended: Tue Apr 09 18:39:12 2019
    Info: Elapsed time: 00:00:02


